
[31merror[39m: Error in reset password / enter code router : TypeError: UserService.resetPassword is not a function
[31merror[39m: Error in reset password function: TypeError: passwordReset.delete is not a function
[31merror[39m: Error in reset password / enter code router : TypeError: passwordReset.delete is not a function
[31merror[39m: Error in reset password function: TypeError: passwordReset.remove is not a function
[31merror[39m: Error in reset password / enter code router : TypeError: passwordReset.remove is not a function
[31merror[39m: password not valid
[31merror[39m: [object Object]
[31merror[39m: Error in reset password function: Error: Cannot put the same password as the old one
[31merror[39m: Error in reset password / enter code router : Error: Cannot put the same password as the old one
[31merror[39m: Error in reset password function: Error: Cannot put the same password as the old one
[31merror[39m: Error in reset password / enter code router : Error: Cannot put the same password as the old one
[31merror[39m: Error in change premium function: StrictPopulateError: Cannot populate path `cart` because it is not in your schema. Set the `strictPopulate` option to false to override.
[31merror[39m: Error in premium add / remove router : StrictPopulateError: Cannot populate path `cart` because it is not in your schema. Set the `strictPopulate` option to false to override.
[31merror[39m: Cannot convert object to primitive value
[31merror[39m: Cast to ObjectId failed for value "[object Object]" (type string) at path "_id" for model "carts" {"kind":"ObjectId","path":"_id","reason":{},"stringValue":"\"[object Object]\"","value":"[object Object]","valueType":"string"}
[31merror[39m: Cast to ObjectId failed for value "[object Object]" (type string) at path "_id" for model "carts" {"kind":"ObjectId","path":"_id","reason":{},"stringValue":"\"[object Object]\"","value":"[object Object]","valueType":"string"}
[31merror[39m: Cast to ObjectId failed for value "[object Object]" (type string) at path "_id" for model "carts" {"kind":"ObjectId","path":"_id","reason":{},"stringValue":"\"[object Object]\"","value":"[object Object]","valueType":"string"}
[31merror[39m: Cannot read properties of null (reading 'products')
[31merror[39m: Cannot read properties of null (reading 'products')
[31merror[39m: Error getting user : Error: User not found
[31merror[39m: Error getting user : Error: User not found
[31merror[39m: Error getting user : Error: User not found
[31merror[39m: Error getting user : Error: User not found
